{
  "0 debug pnpm:scope": {
    "selected": 1
  },
  "1 error pnpm": {
    "errno": 1,
    "code": "ELIFECYCLE",
    "pkgid": "vben-admin@2.8.0",
    "stage": "reinstall",
    "script": "rimraf pnpm-lock.yaml && rimraf package.lock.json && rimraf node_modules && npm run bootstrap",
    "pkgname": "vben-admin",
    "err": {
      "name": "pnpm",
      "message": "vben-admin@2.8.0 reinstall: `rimraf pnpm-lock.yaml && rimraf package.lock.json && rimraf node_modules && npm run bootstrap`\nExit status 1",
      "code": "ELIFECYCLE",
      "stack": "pnpm: vben-admin@2.8.0 reinstall: `rimraf pnpm-lock.yaml && rimraf package.lock.json && rimraf node_modules && npm run bootstrap`\nExit status 1\n    at EventEmitter.<anonymous> (D:\\GreenSoft\\Envs\\nodejs\\node_modules\\pnpm\\dist\\pnpm.cjs:103873:20)\n    at EventEmitter.emit (node:events:390:28)\n    at ChildProcess.<anonymous> (D:\\GreenSoft\\Envs\\nodejs\\node_modules\\pnpm\\dist\\pnpm.cjs:91802:18)\n    at ChildProcess.emit (node:events:390:28)\n    at maybeClose (node:internal/child_process:1064:16)\n    at Process.ChildProcess._handle.onexit (node:internal/child_process:301:5)"
    }
  },
  "2 warn pnpm:global": " Local package.json exists, but node_modules missing, did you mean to install?"
}